INFO:     Will watch for changes in these directories: ['X:\\╠ющ урЁрц\\╙ўхср\\0. ─╚╧╦╬╠\\KM_track']
INFO:     Uvicorn running on http://0.0.0.0:8000 (Press CTRL+C to quit)
INFO:     Started reloader process [11344] using WatchFiles
2026-02-21 13:17:45,684 - src.config.settings - INFO - Legacy static files mounted: X:\╠ющ урЁрц\╙ўхср\0. ─╚╧╦╬╠\KM_track\legacy\static
2026-02-21 13:17:45,685 - src.config.settings - INFO - Old templates mounted: X:\╠ющ урЁрц\╙ўхср\0. ─╚╧╦╬╠\KM_track\old_templates
2026-02-21 13:17:45,685 - src.config.settings - INFO - Templates directory: X:\╠ющ урЁрц\╙ўхср\0. ─╚╧╦╬╠\KM_track\templates
2026-02-21 13:17:45,685 - src.config.settings - INFO - Legacy templates directory: X:\╠ющ урЁрц\╙ўхср\0. ─╚╧╦╬╠\KM_track\legacy\templates
INFO:     Started server process [6408]
INFO:     Waiting for application startup.
2026-02-21 13:17:45,782 - src.config.settings - INFO - ==================================================
2026-02-21 13:17:45,782 - src.config.settings - INFO - \U0001f680 KM Track API v1.0.0
2026-02-21 13:17:45,785 - src.config.settings - INFO - ==================================================
2026-02-21 13:17:45,785 - src.config.settings - INFO - \u2713 Application state initialized: <AppState: routes=0, cache_time=None, runners_count=0>
2026-02-21 13:17:45,786 - src.config.settings - INFO - \u2713 CORS enabled for: *
2026-02-21 13:17:45,786 - src.config.settings - INFO - \u2713 Static files mounted
2026-02-21 13:17:45,786 - src.config.settings - INFO - \u2713 Templates configured
2026-02-21 13:17:45,786 - src.config.settings - INFO - 
Ready to process requests!
2026-02-21 13:17:45,786 - src.config.settings - INFO - \U0001f4cd Swagger UI: http://localhost:8000/docs
2026-02-21 13:17:45,786 - src.config.settings - INFO - \U0001f4cd ReDoc: http://localhost:8000/redoc
2026-02-21 13:17:45,786 - src.config.settings - INFO - \U0001f4cd ╥ЁхъхЁ: http://localhost:8000/tracker
2026-02-21 13:17:45,786 - src.config.settings - INFO - ==================================================
INFO:     Application startup complete.
