2025-12-06 18:54:29,881 - INFO - Запуск сбора данных в реальном времени
2025-12-06 18:54:29,881 - INFO - URL для запросов: https://public-api.copernico.cloud/api/races/--2025-70363/preset/podbor250718@gmail.com:::%D0%A1%D0%BD%D0%B5%D0%B6%D0%BD%D0%B0%D1%8F%207%20%D1%82%D1%80%D0%B5%D0%BA%D0%B5%D1%80/7%20km
2025-12-06 18:54:29,881 - INFO - Интервал запросов: 10 секунд
2025-12-06 18:54:29,881 - INFO - Выходной файл: race_data.json
2025-12-06 18:54:29,881 - INFO - Нажмите Ctrl+C для остановки программы

2025-12-06 18:54:29,881 - INFO - 
--- Итерация 1 ---
2025-12-06 18:54:29,881 - INFO - Попытка 1 из 3 получить данные
2025-12-06 18:54:31,230 - INFO - Статус ответа: 200
2025-12-06 18:54:31,294 - INFO - Данные успешно сохранены в race_data.json
2025-12-06 18:54:31,294 - INFO - Количество записей: 587
2025-12-06 18:54:31,294 - INFO - Ожидание 10 секунд до следующего запроса...
2025-12-06 18:54:41,306 - INFO - 
--- Итерация 2 ---
2025-12-06 18:54:41,306 - INFO - Попытка 1 из 3 получить данные
2025-12-06 18:54:42,276 - INFO - Статус ответа: 200
2025-12-06 18:54:42,326 - INFO - Данные успешно сохранены в race_data.json
2025-12-06 18:54:42,330 - INFO - Количество записей: 587
2025-12-06 18:54:42,331 - INFO - Ожидание 10 секунд до следующего запроса...
2025-12-06 18:54:52,331 - INFO - 
--- Итерация 3 ---
2025-12-06 18:54:52,331 - INFO - Попытка 1 из 3 получить данные
2025-12-06 18:54:53,187 - INFO - Статус ответа: 200
2025-12-06 18:54:53,238 - INFO - Данные успешно сохранены в race_data.json
2025-12-06 18:54:53,238 - INFO - Количество записей: 587
2025-12-06 18:54:53,238 - INFO - Ожидание 10 секунд до следующего запроса...
2025-12-06 18:55:03,248 - INFO - 
--- Итерация 4 ---
2025-12-06 18:55:03,248 - INFO - Попытка 1 из 3 получить данные
2025-12-06 18:55:04,363 - INFO - Статус ответа: 200
2025-12-06 18:55:04,427 - INFO - Данные успешно сохранены в race_data.json
2025-12-06 18:55:04,427 - INFO - Количество записей: 587
2025-12-06 18:55:04,435 - INFO - Ожидание 10 секунд до следующего запроса...
2025-12-06 18:55:14,436 - INFO - 
--- Итерация 5 ---
2025-12-06 18:55:14,436 - INFO - Попытка 1 из 3 получить данные
2025-12-06 18:55:15,420 - INFO - Статус ответа: 200
2025-12-06 18:55:15,479 - INFO - Данные успешно сохранены в race_data.json
2025-12-06 18:55:15,479 - INFO - Количество записей: 587
2025-12-06 18:55:15,479 - INFO - Ожидание 10 секунд до следующего запроса...
2025-12-06 18:55:25,482 - INFO - 
--- Итерация 6 ---
2025-12-06 18:55:25,483 - INFO - Попытка 1 из 3 получить данные
2025-12-06 18:55:26,504 - INFO - Статус ответа: 200
2025-12-06 18:55:26,559 - INFO - Данные успешно сохранены в race_data.json
2025-12-06 18:55:26,559 - INFO - Количество записей: 587
2025-12-06 18:55:26,559 - INFO - Ожидание 10 секунд до следующего запроса...
2025-12-06 18:55:36,561 - INFO - 
--- Итерация 7 ---
2025-12-06 18:55:36,561 - INFO - Попытка 1 из 3 получить данные
2025-12-06 18:55:37,864 - INFO - Статус ответа: 200
2025-12-06 18:55:37,913 - INFO - Данные успешно сохранены в race_data.json
2025-12-06 18:55:37,913 - INFO - Количество записей: 587
2025-12-06 18:55:37,913 - INFO - Ожидание 10 секунд до следующего запроса...
2025-12-06 18:55:47,917 - INFO - 
--- Итерация 8 ---
2025-12-06 18:55:47,917 - INFO - Попытка 1 из 3 получить данные
2025-12-06 18:55:48,906 - INFO - Статус ответа: 200
2025-12-06 18:55:48,970 - INFO - Данные успешно сохранены в race_data.json
2025-12-06 18:55:48,970 - INFO - Количество записей: 587
2025-12-06 18:55:48,970 - INFO - Ожидание 10 секунд до следующего запроса...
2025-12-06 18:55:58,977 - INFO - 
--- Итерация 9 ---
2025-12-06 18:55:58,977 - INFO - Попытка 1 из 3 получить данные
2025-12-06 18:55:59,896 - INFO - Статус ответа: 200
2025-12-06 18:55:59,949 - INFO - Данные успешно сохранены в race_data.json
2025-12-06 18:55:59,950 - INFO - Количество записей: 587
2025-12-06 18:55:59,950 - INFO - Ожидание 10 секунд до следующего запроса...
2025-12-06 18:56:09,951 - INFO - 
--- Итерация 10 ---
2025-12-06 18:56:09,951 - INFO - Попытка 1 из 3 получить данные
2025-12-06 18:56:11,000 - INFO - Статус ответа: 200
2025-12-06 18:56:11,049 - INFO - Данные успешно сохранены в race_data.json
2025-12-06 18:56:11,055 - INFO - Количество записей: 587
2025-12-06 18:56:11,055 - INFO - Ожидание 10 секунд до следующего запроса...
2025-12-06 18:56:21,056 - INFO - 
--- Итерация 11 ---
2025-12-06 18:56:21,056 - INFO - Попытка 1 из 3 получить данные
2025-12-06 18:56:22,450 - INFO - Статус ответа: 200
2025-12-06 18:56:22,532 - INFO - Данные успешно сохранены в race_data.json
2025-12-06 18:56:22,532 - INFO - Количество записей: 587
2025-12-06 18:56:22,532 - INFO - Ожидание 10 секунд до следующего запроса...
2025-12-06 18:56:32,537 - INFO - 
--- Итерация 12 ---
2025-12-06 18:56:32,539 - INFO - Попытка 1 из 3 получить данные
2025-12-06 18:56:33,644 - INFO - Статус ответа: 200
2025-12-06 18:56:33,730 - INFO - Данные успешно сохранены в race_data.json
2025-12-06 18:56:33,732 - INFO - Количество записей: 587
2025-12-06 18:56:33,732 - INFO - Ожидание 10 секунд до следующего запроса...
2025-12-06 18:56:43,733 - INFO - 
--- Итерация 13 ---
2025-12-06 18:56:43,733 - INFO - Попытка 1 из 3 получить данные
2025-12-06 18:56:45,007 - INFO - Статус ответа: 200
2025-12-06 18:56:45,064 - INFO - Данные успешно сохранены в race_data.json
2025-12-06 18:56:45,064 - INFO - Количество записей: 587
2025-12-06 18:56:45,064 - INFO - Ожидание 10 секунд до следующего запроса...
2025-12-06 18:56:55,065 - INFO - 
--- Итерация 14 ---
2025-12-06 18:56:55,065 - INFO - Попытка 1 из 3 получить данные
2025-12-06 18:56:56,273 - INFO - Статус ответа: 200
2025-12-06 18:56:56,331 - INFO - Данные успешно сохранены в race_data.json
2025-12-06 18:56:56,331 - INFO - Количество записей: 587
2025-12-06 18:56:56,331 - INFO - Ожидание 10 секунд до следующего запроса...
2025-12-06 18:57:02,694 - INFO - 
Программа остановлена пользователем
2025-12-06 18:57:02,694 - INFO - 
==================================================
2025-12-06 18:57:02,694 - INFO - СОДЕРЖИМОЕ JSON ФАЙЛА:
2025-12-06 18:57:02,694 - INFO - ==================================================
2025-12-06 18:57:03,110 - INFO - Файл успешно отображен
2025-12-06 18:57:03,112 - INFO - Программа завершена
2025-12-07 09:02:50,932 - INFO - Запуск сбора данных в реальном времени
2025-12-07 09:02:50,935 - INFO - URL для запросов: https://public-api.copernico.cloud/api/races/--2025-70363/preset/podbor250718@gmail.com:::%D0%A1%D0%BD%D0%B5%D0%B6%D0%BD%D0%B0%D1%8F%207%20%D1%82%D1%80%D0%B5%D0%BA%D0%B5%D1%80/7%20km
2025-12-07 09:02:50,935 - INFO - Интервал запросов: 10 секунд
2025-12-07 09:02:50,936 - INFO - Выходной файл: race_data.json
2025-12-07 09:02:50,936 - INFO - Нажмите Ctrl+C для остановки программы

2025-12-07 09:02:50,936 - INFO - 
--- Итерация 1 ---
2025-12-07 09:02:50,937 - INFO - Попытка 1 из 3 получить данные
2025-12-07 09:02:52,100 - INFO - Статус ответа: 200
2025-12-07 09:02:52,132 - INFO - Данные успешно сохранены в race_data.json
2025-12-07 09:02:52,132 - INFO - Количество записей: 618
2025-12-07 09:02:52,132 - INFO - Ожидание 10 секунд до следующего запроса...
2025-12-07 09:03:02,133 - INFO - 
--- Итерация 2 ---
2025-12-07 09:03:02,134 - INFO - Попытка 1 из 3 получить данные
2025-12-07 09:03:03,580 - INFO - Статус ответа: 200
2025-12-07 09:03:03,628 - INFO - Данные успешно сохранены в race_data.json
2025-12-07 09:03:03,628 - INFO - Количество записей: 618
2025-12-07 09:03:03,628 - INFO - Ожидание 10 секунд до следующего запроса...
2025-12-07 09:03:13,629 - INFO - 
--- Итерация 3 ---
2025-12-07 09:03:13,630 - INFO - Попытка 1 из 3 получить данные
2025-12-07 09:03:14,774 - INFO - Статус ответа: 200
2025-12-07 09:03:14,801 - INFO - Данные успешно сохранены в race_data.json
2025-12-07 09:03:14,801 - INFO - Количество записей: 618
2025-12-07 09:03:14,801 - INFO - Ожидание 10 секунд до следующего запроса...
2025-12-07 09:03:24,802 - INFO - 
--- Итерация 4 ---
2025-12-07 09:03:24,803 - INFO - Попытка 1 из 3 получить данные
2025-12-07 09:03:25,964 - INFO - Статус ответа: 200
2025-12-07 09:03:26,012 - INFO - Данные успешно сохранены в race_data.json
2025-12-07 09:03:26,012 - INFO - Количество записей: 618
2025-12-07 09:03:26,013 - INFO - Ожидание 10 секунд до следующего запроса...
2025-12-07 09:03:36,013 - INFO - 
--- Итерация 5 ---
2025-12-07 09:03:36,014 - INFO - Попытка 1 из 3 получить данные
2025-12-07 09:03:37,341 - INFO - Статус ответа: 200
2025-12-07 09:03:37,385 - INFO - Данные успешно сохранены в race_data.json
2025-12-07 09:03:37,385 - INFO - Количество записей: 618
2025-12-07 09:03:37,385 - INFO - Ожидание 10 секунд до следующего запроса...
2025-12-07 09:03:47,386 - INFO - 
--- Итерация 6 ---
2025-12-07 09:03:47,387 - INFO - Попытка 1 из 3 получить данные
2025-12-07 09:03:48,551 - INFO - Статус ответа: 200
2025-12-07 09:03:48,618 - INFO - Данные успешно сохранены в race_data.json
2025-12-07 09:03:48,619 - INFO - Количество записей: 618
2025-12-07 09:03:48,619 - INFO - Ожидание 10 секунд до следующего запроса...
2025-12-07 09:03:58,620 - INFO - 
--- Итерация 7 ---
2025-12-07 09:03:58,621 - INFO - Попытка 1 из 3 получить данные
2025-12-07 09:03:59,949 - INFO - Статус ответа: 200
2025-12-07 09:04:00,002 - INFO - Данные успешно сохранены в race_data.json
2025-12-07 09:04:00,003 - INFO - Количество записей: 618
2025-12-07 09:04:00,003 - INFO - Ожидание 10 секунд до следующего запроса...
2025-12-07 09:04:10,004 - INFO - 
--- Итерация 8 ---
2025-12-07 09:04:10,005 - INFO - Попытка 1 из 3 получить данные
2025-12-07 09:04:11,530 - INFO - Статус ответа: 200
2025-12-07 09:04:11,597 - INFO - Данные успешно сохранены в race_data.json
2025-12-07 09:04:11,601 - INFO - Количество записей: 618
2025-12-07 09:04:11,605 - INFO - Ожидание 10 секунд до следующего запроса...
2025-12-07 09:04:21,609 - INFO - 
--- Итерация 9 ---
2025-12-07 09:04:21,610 - INFO - Попытка 1 из 3 получить данные
2025-12-07 09:04:23,441 - INFO - Статус ответа: 200
2025-12-07 09:04:23,493 - INFO - Данные успешно сохранены в race_data.json
2025-12-07 09:04:23,493 - INFO - Количество записей: 618
2025-12-07 09:04:23,494 - INFO - Ожидание 10 секунд до следующего запроса...
2025-12-07 09:04:33,495 - INFO - 
--- Итерация 10 ---
2025-12-07 09:04:33,495 - INFO - Попытка 1 из 3 получить данные
2025-12-07 09:04:34,642 - INFO - Статус ответа: 200
2025-12-07 09:04:34,691 - INFO - Данные успешно сохранены в race_data.json
2025-12-07 09:04:34,691 - INFO - Количество записей: 618
2025-12-07 09:04:34,692 - INFO - Ожидание 10 секунд до следующего запроса...
2025-12-07 09:04:44,693 - INFO - 
--- Итерация 11 ---
2025-12-07 09:04:44,693 - INFO - Попытка 1 из 3 получить данные
2025-12-07 09:04:45,898 - INFO - Статус ответа: 200
2025-12-07 09:04:45,966 - INFO - Данные успешно сохранены в race_data.json
2025-12-07 09:04:45,967 - INFO - Количество записей: 618
2025-12-07 09:04:45,967 - INFO - Ожидание 10 секунд до следующего запроса...
2025-12-07 09:04:55,968 - INFO - 
--- Итерация 12 ---
2025-12-07 09:04:55,969 - INFO - Попытка 1 из 3 получить данные
2025-12-07 09:04:57,355 - INFO - Статус ответа: 200
2025-12-07 09:04:57,413 - INFO - Данные успешно сохранены в race_data.json
2025-12-07 09:04:57,414 - INFO - Количество записей: 618
2025-12-07 09:04:57,414 - INFO - Ожидание 10 секунд до следующего запроса...
2025-12-07 09:05:07,417 - INFO - 
--- Итерация 13 ---
2025-12-07 09:05:07,433 - INFO - Попытка 1 из 3 получить данные
2025-12-07 09:05:09,052 - INFO - Статус ответа: 200
2025-12-07 09:05:09,151 - INFO - Данные успешно сохранены в race_data.json
2025-12-07 09:05:09,160 - INFO - Количество записей: 618
2025-12-07 09:05:09,168 - INFO - Ожидание 10 секунд до следующего запроса...
2025-12-07 09:05:19,177 - INFO - 
--- Итерация 14 ---
2025-12-07 09:05:19,178 - INFO - Попытка 1 из 3 получить данные
2025-12-07 09:05:20,438 - INFO - Статус ответа: 200
2025-12-07 09:05:20,489 - INFO - Данные успешно сохранены в race_data.json
2025-12-07 09:05:20,490 - INFO - Количество записей: 618
2025-12-07 09:05:20,491 - INFO - Ожидание 10 секунд до следующего запроса...
2025-12-07 09:05:30,492 - INFO - 
--- Итерация 15 ---
2025-12-07 09:05:30,493 - INFO - Попытка 1 из 3 получить данные
2025-12-07 09:05:31,800 - INFO - Статус ответа: 200
2025-12-07 09:05:31,859 - INFO - Данные успешно сохранены в race_data.json
2025-12-07 09:05:31,859 - INFO - Количество записей: 618
2025-12-07 09:05:31,860 - INFO - Ожидание 10 секунд до следующего запроса...
2025-12-07 09:05:41,861 - INFO - 
--- Итерация 16 ---
2025-12-07 09:05:41,863 - INFO - Попытка 1 из 3 получить данные
2025-12-07 09:05:43,142 - INFO - Статус ответа: 200
2025-12-07 09:05:43,203 - INFO - Данные успешно сохранены в race_data.json
2025-12-07 09:05:43,204 - INFO - Количество записей: 618
2025-12-07 09:05:43,205 - INFO - Ожидание 10 секунд до следующего запроса...
2025-12-07 09:05:53,207 - INFO - 
--- Итерация 17 ---
2025-12-07 09:05:53,212 - INFO - Попытка 1 из 3 получить данные
2025-12-07 09:05:54,512 - INFO - Статус ответа: 200
2025-12-07 09:05:54,564 - INFO - Данные успешно сохранены в race_data.json
2025-12-07 09:05:54,565 - INFO - Количество записей: 618
2025-12-07 09:05:54,565 - INFO - Ожидание 10 секунд до следующего запроса...
2025-12-07 09:06:04,566 - INFO - 
--- Итерация 18 ---
2025-12-07 09:06:04,567 - INFO - Попытка 1 из 3 получить данные
2025-12-07 09:06:05,866 - INFO - Статус ответа: 200
2025-12-07 09:06:05,912 - INFO - Данные успешно сохранены в race_data.json
2025-12-07 09:06:05,912 - INFO - Количество записей: 618
2025-12-07 09:06:05,913 - INFO - Ожидание 10 секунд до следующего запроса...
2025-12-07 09:06:15,914 - INFO - 
--- Итерация 19 ---
2025-12-07 09:06:15,915 - INFO - Попытка 1 из 3 получить данные
2025-12-07 09:06:17,888 - INFO - Статус ответа: 200
2025-12-07 09:06:17,935 - INFO - Данные успешно сохранены в race_data.json
2025-12-07 09:06:17,935 - INFO - Количество записей: 618
2025-12-07 09:06:17,935 - INFO - Ожидание 10 секунд до следующего запроса...
2025-12-07 09:06:27,936 - INFO - 
--- Итерация 20 ---
2025-12-07 09:06:27,937 - INFO - Попытка 1 из 3 получить данные
2025-12-07 09:06:29,380 - INFO - Статус ответа: 200
2025-12-07 09:06:29,426 - INFO - Данные успешно сохранены в race_data.json
2025-12-07 09:06:29,426 - INFO - Количество записей: 618
2025-12-07 09:06:29,427 - INFO - Ожидание 10 секунд до следующего запроса...
2025-12-07 09:06:39,430 - INFO - 
--- Итерация 21 ---
2025-12-07 09:06:39,434 - INFO - Попытка 1 из 3 получить данные
2025-12-07 09:06:41,394 - INFO - Статус ответа: 200
2025-12-07 09:06:41,446 - INFO - Данные успешно сохранены в race_data.json
2025-12-07 09:06:41,447 - INFO - Количество записей: 618
2025-12-07 09:06:41,447 - INFO - Ожидание 10 секунд до следующего запроса...
2025-12-07 09:06:51,448 - INFO - 
--- Итерация 22 ---
2025-12-07 09:06:51,449 - INFO - Попытка 1 из 3 получить данные
2025-12-07 09:06:52,986 - INFO - Статус ответа: 200
2025-12-07 09:06:53,064 - INFO - Данные успешно сохранены в race_data.json
2025-12-07 09:06:53,070 - INFO - Количество записей: 618
2025-12-07 09:06:53,076 - INFO - Ожидание 10 секунд до следующего запроса...
2025-12-07 09:07:03,084 - INFO - 
--- Итерация 23 ---
2025-12-07 09:07:03,085 - INFO - Попытка 1 из 3 получить данные
2025-12-07 09:07:04,324 - INFO - Статус ответа: 200
2025-12-07 09:07:04,380 - INFO - Данные успешно сохранены в race_data.json
2025-12-07 09:07:04,381 - INFO - Количество записей: 618
2025-12-07 09:07:04,381 - INFO - Ожидание 10 секунд до следующего запроса...
2025-12-07 09:07:14,382 - INFO - 
--- Итерация 24 ---
2025-12-07 09:07:14,383 - INFO - Попытка 1 из 3 получить данные
2025-12-07 09:07:16,572 - INFO - Статус ответа: 200
2025-12-07 09:07:16,630 - INFO - Данные успешно сохранены в race_data.json
2025-12-07 09:07:16,630 - INFO - Количество записей: 618
2025-12-07 09:07:16,631 - INFO - Ожидание 10 секунд до следующего запроса...
2025-12-07 09:07:26,632 - INFO - 
--- Итерация 25 ---
2025-12-07 09:07:26,633 - INFO - Попытка 1 из 3 получить данные
2025-12-07 09:07:27,895 - INFO - Статус ответа: 200
2025-12-07 09:07:27,950 - INFO - Данные успешно сохранены в race_data.json
2025-12-07 09:07:27,951 - INFO - Количество записей: 618
2025-12-07 09:07:27,953 - INFO - Ожидание 10 секунд до следующего запроса...
2025-12-07 09:07:37,957 - INFO - 
--- Итерация 26 ---
2025-12-07 09:07:37,964 - INFO - Попытка 1 из 3 получить данные
2025-12-07 09:07:39,529 - INFO - Статус ответа: 200
2025-12-07 09:07:39,590 - INFO - Данные успешно сохранены в race_data.json
2025-12-07 09:07:39,592 - INFO - Количество записей: 618
2025-12-07 09:07:39,594 - INFO - Ожидание 10 секунд до следующего запроса...
2025-12-07 09:07:45,511 - INFO - 
Программа остановлена пользователем
2025-12-07 09:07:45,512 - INFO - Программа завершена
