2026-02-17 15:58:59,211 - INFO - ============================================================
2026-02-17 15:58:59,211 - INFO - 🚀 Запуск сбора данных Copernico в реальном времени
2026-02-17 15:58:59,211 - INFO - ============================================================
2026-02-17 15:58:59,211 - INFO - API URL: https://public-api.copernico.cloud/api/races/--2025-96994/preset/podbor250718@gm...
2026-02-17 15:58:59,214 - INFO - Интервал запросов: 10 секунд
2026-02-17 15:58:59,214 - INFO - Выходной файл: X:\Мой гараж\Учеба\0. ДИПЛОМ\KM_track\tracker\race_data.json
2026-02-17 15:58:59,214 - INFO - Нажмите Ctrl+C для остановки программы
2026-02-17 15:58:59,215 - INFO - ============================================================

2026-02-17 15:58:59,215 - INFO - 
--- Итерация 1 ---
2026-02-17 15:58:59,218 - INFO - Время: 2026-02-17 15:58:59
2026-02-17 15:58:59,218 - INFO - Попытка 1 из 3 получить данные
2026-02-17 15:59:00,543 - INFO - Статус ответа: 200
2026-02-17 15:59:00,545 - INFO - ✅ Данные успешно получены
2026-02-17 15:59:00,552 - INFO - ✅ Данные успешно сохранены в X:\Мой гараж\Учеба\0. ДИПЛОМ\KM_track\tracker\race_data.json
2026-02-17 15:59:00,553 - INFO - 📊 Количество записей: 27
2026-02-17 15:59:00,554 - INFO - ⏳ Ожидание 10 секунд до следующего запроса...
2026-02-17 15:59:10,555 - INFO - 
--- Итерация 2 ---
2026-02-17 15:59:10,555 - INFO - Время: 2026-02-17 15:59:10
2026-02-17 15:59:10,555 - INFO - Попытка 1 из 3 получить данные
2026-02-17 15:59:11,614 - INFO - Статус ответа: 200
2026-02-17 15:59:11,614 - INFO - ✅ Данные успешно получены
2026-02-17 15:59:11,618 - INFO - ✅ Данные успешно сохранены в X:\Мой гараж\Учеба\0. ДИПЛОМ\KM_track\tracker\race_data.json
2026-02-17 15:59:11,618 - INFO - 📊 Количество записей: 27
2026-02-17 15:59:11,619 - INFO - ⏳ Ожидание 10 секунд до следующего запроса...
2026-02-17 15:59:21,620 - INFO - 
--- Итерация 3 ---
2026-02-17 15:59:21,621 - INFO - Время: 2026-02-17 15:59:21
2026-02-17 15:59:21,622 - INFO - Попытка 1 из 3 получить данные
2026-02-17 15:59:22,655 - INFO - Статус ответа: 200
2026-02-17 15:59:22,655 - INFO - ✅ Данные успешно получены
2026-02-17 15:59:22,659 - INFO - ✅ Данные успешно сохранены в X:\Мой гараж\Учеба\0. ДИПЛОМ\KM_track\tracker\race_data.json
2026-02-17 15:59:22,659 - INFO - 📊 Количество записей: 27
2026-02-17 15:59:22,660 - INFO - ⏳ Ожидание 10 секунд до следующего запроса...
2026-02-17 15:59:32,661 - INFO - 
--- Итерация 4 ---
2026-02-17 15:59:32,662 - INFO - Время: 2026-02-17 15:59:32
2026-02-17 15:59:32,663 - INFO - Попытка 1 из 3 получить данные
2026-02-17 15:59:33,890 - INFO - Статус ответа: 200
2026-02-17 15:59:33,890 - INFO - ✅ Данные успешно получены
2026-02-17 15:59:33,904 - INFO - ✅ Данные успешно сохранены в X:\Мой гараж\Учеба\0. ДИПЛОМ\KM_track\tracker\race_data.json
2026-02-17 15:59:33,907 - INFO - 📊 Количество записей: 27
2026-02-17 15:59:33,913 - INFO - ⏳ Ожидание 10 секунд до следующего запроса...
2026-02-17 15:59:43,917 - INFO - 
--- Итерация 5 ---
2026-02-17 15:59:43,921 - INFO - Время: 2026-02-17 15:59:43
2026-02-17 15:59:43,928 - INFO - Попытка 1 из 3 получить данные
2026-02-17 15:59:45,347 - INFO - Статус ответа: 200
2026-02-17 15:59:45,350 - INFO - ✅ Данные успешно получены
2026-02-17 15:59:45,368 - INFO - ✅ Данные успешно сохранены в X:\Мой гараж\Учеба\0. ДИПЛОМ\KM_track\tracker\race_data.json
2026-02-17 15:59:45,373 - INFO - 📊 Количество записей: 27
2026-02-17 15:59:45,377 - INFO - ⏳ Ожидание 10 секунд до следующего запроса...
2026-02-17 15:59:55,382 - INFO - 
--- Итерация 6 ---
2026-02-17 15:59:55,382 - INFO - Время: 2026-02-17 15:59:55
2026-02-17 15:59:55,383 - INFO - Попытка 1 из 3 получить данные
2026-02-17 15:59:56,469 - INFO - Статус ответа: 200
2026-02-17 15:59:56,469 - INFO - ✅ Данные успешно получены
2026-02-17 15:59:56,475 - INFO - ✅ Данные успешно сохранены в X:\Мой гараж\Учеба\0. ДИПЛОМ\KM_track\tracker\race_data.json
2026-02-17 15:59:56,476 - INFO - 📊 Количество записей: 27
2026-02-17 15:59:56,477 - INFO - ⏳ Ожидание 10 секунд до следующего запроса...
2026-02-17 16:00:01,016 - INFO - 

🛑 Программа остановлена пользователем (Ctrl+C)
2026-02-17 16:00:01,018 - INFO - 👋 Программа завершена

