2026-01-12 20:54:58,241 - INFO - Запуск сбора данных в реальном времени
2026-01-12 20:54:58,241 - INFO - URL для запросов: https://public-api.copernico.cloud/api/races/--2025-70363/preset/podbor250718@gmail.com:::%D0%A1%D0%BD%D0%B5%D0%B6%D0%BD%D0%B0%D1%8F%207%20%D1%82%D1%80%D0%B5%D0%BA%D0%B5%D1%80/7%20km
2026-01-12 20:54:58,241 - INFO - Интервал запросов: 10 секунд
2026-01-12 20:54:58,242 - INFO - Выходной файл: x:\Мой гараж\Учеба\0. ДИПЛОМ\Первчиный тест Карты\KM_track\tracker\race_data.json
2026-01-12 20:54:58,242 - INFO - Нажмите Ctrl+C для остановки программы

2026-01-12 20:54:58,242 - INFO - 
--- Итерация 1 ---
2026-01-12 20:54:58,242 - INFO - Попытка 1 из 3 получить данные
2026-01-12 20:54:59,819 - INFO - Статус ответа: 200
2026-01-12 20:54:59,879 - INFO - Данные успешно сохранены в x:\Мой гараж\Учеба\0. ДИПЛОМ\Первчиный тест Карты\KM_track\tracker\race_data.json
2026-01-12 20:54:59,880 - INFO - Количество записей: 598
2026-01-12 20:54:59,880 - INFO - Ожидание 10 секунд до следующего запроса...
2026-01-12 20:55:00,296 - INFO - 
Программа остановлена пользователем
2026-01-12 20:55:00,297 - INFO - Программа завершена
2026-02-05 21:12:00,691 - INFO - Запуск сбора данных в реальном времени
2026-02-05 21:12:00,692 - INFO - URL для запросов: https://public-api.copernico.cloud/api/races/--2025-70363/preset/podbor250718@gmail.com:::%D0%A1%D0%BD%D0%B5%D0%B6%D0%BD%D0%B0%D1%8F%207%20%D1%82%D1%80%D0%B5%D0%BA%D0%B5%D1%80/7%20km
2026-02-05 21:12:00,692 - INFO - Интервал запросов: 10 секунд
2026-02-05 21:12:00,692 - INFO - Выходной файл: x:\Мой гараж\Учеба\0. ДИПЛОМ\KM_track\tracker\race_data.json
2026-02-05 21:12:00,693 - INFO - Нажмите Ctrl+C для остановки программы

2026-02-05 21:12:00,693 - INFO - 
--- Итерация 1 ---
2026-02-05 21:12:00,693 - INFO - Попытка 1 из 3 получить данные
2026-02-05 21:12:02,417 - INFO - Статус ответа: 200
2026-02-05 21:12:02,462 - INFO - Данные успешно сохранены в x:\Мой гараж\Учеба\0. ДИПЛОМ\KM_track\tracker\race_data.json
2026-02-05 21:12:02,462 - INFO - Количество записей: 598
2026-02-05 21:12:02,463 - INFO - Ожидание 10 секунд до следующего запроса...
2026-02-05 21:12:12,465 - INFO - 
--- Итерация 2 ---
2026-02-05 21:12:12,467 - INFO - Попытка 1 из 3 получить данные
2026-02-05 21:12:13,653 - INFO - Статус ответа: 200
2026-02-05 21:12:13,709 - INFO - Данные успешно сохранены в x:\Мой гараж\Учеба\0. ДИПЛОМ\KM_track\tracker\race_data.json
2026-02-05 21:12:13,709 - INFO - Количество записей: 598
2026-02-05 21:12:13,710 - INFO - Ожидание 10 секунд до следующего запроса...
2026-02-05 21:12:23,710 - INFO - 
--- Итерация 3 ---
2026-02-05 21:12:23,710 - INFO - Попытка 1 из 3 получить данные
2026-02-05 21:12:24,842 - INFO - Статус ответа: 200
2026-02-05 21:12:24,899 - INFO - Данные успешно сохранены в x:\Мой гараж\Учеба\0. ДИПЛОМ\KM_track\tracker\race_data.json
2026-02-05 21:12:24,900 - INFO - Количество записей: 598
2026-02-05 21:12:24,901 - INFO - Ожидание 10 секунд до следующего запроса...
2026-02-05 21:12:34,902 - INFO - 
--- Итерация 4 ---
2026-02-05 21:12:34,902 - INFO - Попытка 1 из 3 получить данные
2026-02-05 21:12:36,301 - INFO - Статус ответа: 200
2026-02-05 21:12:36,345 - INFO - Данные успешно сохранены в x:\Мой гараж\Учеба\0. ДИПЛОМ\KM_track\tracker\race_data.json
2026-02-05 21:12:36,346 - INFO - Количество записей: 598
2026-02-05 21:12:36,346 - INFO - Ожидание 10 секунд до следующего запроса...
2026-02-05 21:12:46,351 - INFO - 
--- Итерация 5 ---
2026-02-05 21:12:46,352 - INFO - Попытка 1 из 3 получить данные
2026-02-05 21:12:47,591 - INFO - Статус ответа: 200
2026-02-05 21:12:47,675 - INFO - Данные успешно сохранены в x:\Мой гараж\Учеба\0. ДИПЛОМ\KM_track\tracker\race_data.json
2026-02-05 21:12:47,677 - INFO - Количество записей: 598
2026-02-05 21:12:47,678 - INFO - Ожидание 10 секунд до следующего запроса...
